e:\documents\visual studio 2015\projects\engine\engine\x64\debug\vc140.pdb
e:\documents\visual studio 2015\projects\engine\engine\x64\debug\vc140.idb
e:\documents\visual studio 2015\projects\engine\engine\x64\debug\graphicsengine.obj
e:\documents\visual studio 2015\projects\engine\engine\x64\debug\main.obj
e:\documents\visual studio 2015\projects\engine\engine\x64\debug\windowhandler.obj
e:\documents\visual studio 2015\projects\engine\engine\x64\debug\directxframework.obj
e:\documents\visual studio 2015\projects\engine\engine\x64\debug\base.obj
e:\documents\visual studio 2015\projects\engine\engine\x64\debug\sprite.obj
e:\documents\visual studio 2015\projects\engine\engine\x64\debug\texture.obj
e:\documents\visual studio 2015\projects\engine\engine\x64\debug\textureloader.obj
e:\documents\visual studio 2015\projects\engine\engine\x64\debug\engine.pdb
e:\documents\visual studio 2015\projects\engine\engine\x64\debug\scene.obj
e:\documents\visual studio 2015\projects\engine\engine\x64\debug\engine.idb
e:\documents\visual studio 2015\projects\engine\engine\x64\debug\spriterenderer.obj
e:\documents\visual studio 2015\projects\engine\engine\x64\debug\text.obj
e:\documents\visual studio 2015\projects\engine\engine\x64\debug\smallstring.obj
e:\documents\visual studio 2015\projects\engine\engine\x64\debug\ddstextureloader.obj
e:\documents\visual studio 2015\projects\engine\engine\x64\debug\pch.obj
e:\documents\visual studio 2015\projects\engine\engine\x64\debug\transform.obj
e:\documents\visual studio 2015\projects\engine\engine\x64\debug\timer.obj
e:\documents\visual studio 2015\projects\engine\engine\bin\pixelshader.cso
e:\documents\visual studio 2015\projects\engine\engine\bin\vertexshader.cso
e:\documents\visual studio 2015\projects\engine\engine\bin\geometryshader.cso
e:\documents\visual studio 2015\projects\engine\bin\geometryshader.cso
e:\documents\visual studio 2015\projects\engine\bin\pixelshader.cso
e:\documents\visual studio 2015\projects\engine\bin\vertexshader.cso
e:\documents\visual studio 2015\projects\engine\bin\engine.lib
e:\documents\visual studio 2015\projects\engine\x64\debug\engine.ilk
e:\documents\visual studio 2015\projects\engine\x64\debug\engine.exe
e:\documents\visual studio 2015\projects\engine\x64\debug\engine.pdb
e:\documents\visual studio 2015\projects\engine\engine\x64\debug\graphicsengine.new.obj.enc
e:\documents\visual studio 2015\projects\engine\engine\x64\debug\main.new.obj.enc
e:\documents\visual studio 2015\projects\engine\engine\x64\debug\scene.obj.enc
e:\documents\visual studio 2015\projects\engine\engine\x64\debug\smallstring.obj.enc
e:\documents\visual studio 2015\projects\engine\engine\x64\debug\spriterenderer.new.obj.enc
e:\documents\visual studio 2015\projects\engine\bin\engine.pdb
e:\documents\visual studio 2015\projects\engine\engine\x64\debug\engine.tlog\cl.command.1.tlog
e:\documents\visual studio 2015\projects\engine\engine\x64\debug\engine.tlog\cl.read.1.tlog
e:\documents\visual studio 2015\projects\engine\engine\x64\debug\engine.tlog\cl.write.1.tlog
e:\documents\visual studio 2015\projects\engine\engine\x64\debug\engine.tlog\engine.write.1u.tlog
e:\documents\visual studio 2015\projects\engine\engine\x64\debug\engine.tlog\fxc.command.1.tlog
e:\documents\visual studio 2015\projects\engine\engine\x64\debug\engine.tlog\fxc.read.1.tlog
e:\documents\visual studio 2015\projects\engine\engine\x64\debug\engine.tlog\fxc.write.1.tlog
e:\documents\visual studio 2015\projects\engine\engine\x64\debug\engine.tlog\lib-link.read.1.tlog
e:\documents\visual studio 2015\projects\engine\engine\x64\debug\engine.tlog\lib-link.write.1.tlog
e:\documents\visual studio 2015\projects\engine\engine\x64\debug\engine.tlog\lib.command.1.tlog
e:\documents\visual studio 2015\projects\engine\engine\x64\debug\engine.tlog\link-cvtres.read.1.tlog
e:\documents\visual studio 2015\projects\engine\engine\x64\debug\engine.tlog\link-cvtres.write.1.tlog
e:\documents\visual studio 2015\projects\engine\engine\x64\debug\engine.tlog\link-rc.read.1.tlog
e:\documents\visual studio 2015\projects\engine\engine\x64\debug\engine.tlog\link-rc.write.1.tlog
e:\documents\visual studio 2015\projects\engine\engine\x64\debug\engine.tlog\link.13932-cvtres.read.1.tlog
e:\documents\visual studio 2015\projects\engine\engine\x64\debug\engine.tlog\link.13932-cvtres.write.1.tlog
e:\documents\visual studio 2015\projects\engine\engine\x64\debug\engine.tlog\link.13932-rc.read.1.tlog
e:\documents\visual studio 2015\projects\engine\engine\x64\debug\engine.tlog\link.13932-rc.write.1.tlog
e:\documents\visual studio 2015\projects\engine\engine\x64\debug\engine.tlog\link.13932.read.1.tlog
e:\documents\visual studio 2015\projects\engine\engine\x64\debug\engine.tlog\link.13932.write.1.tlog
e:\documents\visual studio 2015\projects\engine\engine\x64\debug\engine.tlog\link.command.1.tlog
e:\documents\visual studio 2015\projects\engine\engine\x64\debug\engine.tlog\link.read.1.tlog
e:\documents\visual studio 2015\projects\engine\engine\x64\debug\engine.tlog\link.write.1.tlog
